<?xml version="1.0" encoding="UTF-8"?>
<!-- Generated by org.testng.reporters.JUnitReportReporter -->
<testsuite hostname="amanpc" failures="0" tests="2" name="com.DSAlgo.qa.testcase.GetStartedTest" time="3.050" errors="0" timestamp="2023-01-27T19:19:39 EST" skipped="0">
  <testcase classname="com.DSAlgo.qa.testcase.GetStartedTest" name="validateUserLandingHomePageTest" time="1.372"/>
  <system-out/>
  <testcase classname="com.DSAlgo.qa.testcase.GetStartedTest" name="getStartedButtonClickTest" time="1.678"/>
  <system-out/>
</testsuite> <!-- com.DSAlgo.qa.testcase.GetStartedTest -->
